2019-09-24 21:29:05,982  INFO [main] nopCommerceSDET:33 - ************* Launching Browser *****************
2019-09-24 21:29:06,013  INFO [main] nopCommerceSDET:39 - ************* Opening URL  *****************
2019-09-24 21:29:09,761  INFO [main] nopCommerceSDET:46 - ************* Prvding user and password *****************
2019-09-24 21:29:10,175  INFO [main] nopCommerceSDET:53 - ************* click on login *****************
2019-09-24 21:29:17,120  INFO [main] nopCommerceSDET:94 - ********* Verifying Dashboad page title after login successful **************
2019-09-24 21:29:20,155  INFO [main] nopCommerceSDET:101 - ********* Clicking on customer main menu **************
2019-09-24 21:29:22,294  INFO [main] nopCommerceSDET:108 - ********* Clicking on customer sub menu **************
2019-09-24 21:29:34,916  INFO [main] nopCommerceSDET:145 - ********* Saving customer details **************
2019-09-24 21:29:39,107  INFO [main] nopCommerceSDET:84 - ************* cloding browser *****************
2019-09-24 21:29:42,151  INFO [main] nopCommerceSDET:33 - ************* Launching Browser *****************
2019-09-24 21:29:42,153  INFO [main] nopCommerceSDET:39 - ************* Opening URL  *****************
2019-09-24 21:29:44,922  INFO [main] nopCommerceSDET:46 - ************* Prvding user and password *****************
2019-09-24 21:29:45,318  INFO [main] nopCommerceSDET:53 - ************* click on login *****************
2019-09-24 21:29:51,379  INFO [main] nopCommerceSDET:94 - ********* Verifying Dashboad page title after login successful **************
2019-09-24 21:29:54,412  INFO [main] nopCommerceSDET:101 - ********* Clicking on customer main menu **************
2019-09-24 21:29:56,514  INFO [main] nopCommerceSDET:108 - ********* Clicking on customer sub menu **************
2019-09-24 21:29:57,856  INFO [main] nopCommerceSDET:160 - ********* Searching customer details by Email **************
2019-09-24 21:30:01,568  INFO [main] nopCommerceSDET:84 - ************* cloding browser *****************
2019-09-24 21:30:04,727  INFO [main] nopCommerceSDET:33 - ************* Launching Browser *****************
2019-09-24 21:30:04,730  INFO [main] nopCommerceSDET:39 - ************* Opening URL  *****************
2019-09-24 21:30:07,464  INFO [main] nopCommerceSDET:46 - ************* Prvding user and password *****************
2019-09-24 21:30:07,916  INFO [main] nopCommerceSDET:53 - ************* click on login *****************
2019-09-24 21:30:14,057  INFO [main] nopCommerceSDET:68 - ************* Login Passed *****************
2019-09-24 21:30:17,072  INFO [main] nopCommerceSDET:77 - ************* clciking on logout *****************
2019-09-24 21:30:21,708  INFO [main] nopCommerceSDET:68 - ************* Login Passed *****************
2019-09-24 21:30:24,719  INFO [main] nopCommerceSDET:84 - ************* cloding browser *****************
2019-09-24 21:43:04,275  INFO [main] nopCommerceSDET:62 - ************* Launching Browser *****************
2019-09-24 21:43:04,388  INFO [main] nopCommerceSDET:68 - ************* Opening URL  *****************
2019-09-24 21:43:07,442  INFO [main] nopCommerceSDET:75 - ************* Prvding user and password *****************
2019-09-24 21:43:07,629  INFO [main] nopCommerceSDET:82 - ************* click on login *****************
2019-09-24 21:43:15,948  INFO [main] nopCommerceSDET:123 - ********* Verifying Dashboad page title after login successful **************
2019-09-24 21:43:18,970  INFO [main] nopCommerceSDET:130 - ********* Clicking on customer main menu **************
2019-09-24 21:43:21,240  INFO [main] nopCommerceSDET:137 - ********* Clicking on customer sub menu **************
2019-09-24 21:43:36,019  INFO [main] nopCommerceSDET:174 - ********* Saving customer details **************
2019-09-24 21:43:41,304  INFO [main] nopCommerceSDET:113 - ************* cloding browser *****************
2019-09-24 21:43:51,860  INFO [main] nopCommerceSDET:62 - ************* Launching Browser *****************
2019-09-24 21:43:51,863  INFO [main] nopCommerceSDET:68 - ************* Opening URL  *****************
2019-09-24 21:43:55,183  INFO [main] nopCommerceSDET:75 - ************* Prvding user and password *****************
2019-09-24 21:43:55,423  INFO [main] nopCommerceSDET:82 - ************* click on login *****************
2019-09-24 21:44:08,100  INFO [main] nopCommerceSDET:123 - ********* Verifying Dashboad page title after login successful **************
2019-09-24 21:44:11,119  INFO [main] nopCommerceSDET:130 - ********* Clicking on customer main menu **************
2019-09-24 21:44:13,411  INFO [main] nopCommerceSDET:137 - ********* Clicking on customer sub menu **************
2019-09-24 21:44:15,250  INFO [main] nopCommerceSDET:189 - ********* Searching customer details by Email **************
2019-09-24 21:44:19,031  INFO [main] nopCommerceSDET:113 - ************* cloding browser *****************
2019-09-24 21:44:26,264  INFO [main] nopCommerceSDET:62 - ************* Launching Browser *****************
2019-09-24 21:44:26,275  INFO [main] nopCommerceSDET:68 - ************* Opening URL  *****************
2019-09-24 21:44:28,285  INFO [main] nopCommerceSDET:75 - ************* Prvding user and password *****************
2019-09-24 21:44:28,498  INFO [main] nopCommerceSDET:82 - ************* click on login *****************
2019-09-24 21:44:34,533  INFO [main] nopCommerceSDET:97 - ************* Login Passed *****************
2019-09-24 21:44:37,546  INFO [main] nopCommerceSDET:106 - ************* clciking on logout *****************
2019-09-24 21:44:42,088  INFO [main] nopCommerceSDET:97 - ************* Login Passed *****************
2019-09-24 21:44:45,098  INFO [main] nopCommerceSDET:113 - ************* cloding browser *****************
2019-09-24 21:53:34,775  INFO [main] nopCommerceSDET:62 - ************* Launching Browser *****************
2019-09-24 21:53:34,953  INFO [main] nopCommerceSDET:68 - ************* Opening URL  *****************
2019-09-24 21:53:38,470  INFO [main] nopCommerceSDET:75 - ************* Prvding user and password *****************
2019-09-24 21:53:38,747  INFO [main] nopCommerceSDET:82 - ************* click on login *****************
2019-09-24 21:53:46,860  INFO [main] nopCommerceSDET:123 - ********* Verifying Dashboad page title after login successful **************
2019-09-24 21:53:49,879  INFO [main] nopCommerceSDET:130 - ********* Clicking on customer main menu **************
2019-09-24 21:53:52,158  INFO [main] nopCommerceSDET:137 - ********* Clicking on customer sub menu **************
2019-09-24 21:54:05,797  INFO [main] nopCommerceSDET:174 - ********* Saving customer details **************
2019-09-24 21:54:11,194  INFO [main] nopCommerceSDET:113 - ************* cloding browser *****************
2019-09-24 21:54:19,851  INFO [main] nopCommerceSDET:62 - ************* Launching Browser *****************
2019-09-24 21:54:19,854  INFO [main] nopCommerceSDET:68 - ************* Opening URL  *****************
2019-09-24 21:54:22,091  INFO [main] nopCommerceSDET:75 - ************* Prvding user and password *****************
2019-09-24 21:54:22,275  INFO [main] nopCommerceSDET:82 - ************* click on login *****************
2019-09-24 21:54:27,912  INFO [main] nopCommerceSDET:97 - ************* Login Passed *****************
2019-09-24 21:54:30,927  INFO [main] nopCommerceSDET:106 - ************* clciking on logout *****************
2019-09-24 21:54:35,514  INFO [main] nopCommerceSDET:97 - ************* Login Passed *****************
2019-09-24 21:54:38,525  INFO [main] nopCommerceSDET:113 - ************* cloding browser *****************
2019-09-24 21:57:25,321  INFO [main] nopCommerceSDET:62 - ************* Launching Browser *****************
2019-09-24 21:57:25,386  INFO [main] nopCommerceSDET:68 - ************* Opening URL  *****************
2019-09-24 21:57:29,100  INFO [main] nopCommerceSDET:75 - ************* Prvding user and password *****************
2019-09-24 21:57:29,556  INFO [main] nopCommerceSDET:82 - ************* click on login *****************
2019-09-24 21:57:36,132  INFO [main] nopCommerceSDET:123 - ********* Verifying Dashboad page title after login successful **************
2019-09-24 21:57:39,161  INFO [main] nopCommerceSDET:130 - ********* Clicking on customer main menu **************
2019-09-24 21:57:41,302  INFO [main] nopCommerceSDET:137 - ********* Clicking on customer sub menu **************
2019-09-24 21:57:55,252  INFO [main] nopCommerceSDET:174 - ********* Saving customer details **************
2019-09-24 21:57:59,807  INFO [main] nopCommerceSDET:113 - ************* cloding browser *****************
2019-09-24 21:58:03,099  INFO [main] nopCommerceSDET:62 - ************* Launching Browser *****************
2019-09-24 21:58:03,103  INFO [main] nopCommerceSDET:68 - ************* Opening URL  *****************
2019-09-24 21:58:05,783  INFO [main] nopCommerceSDET:75 - ************* Prvding user and password *****************
2019-09-24 21:58:06,162  INFO [main] nopCommerceSDET:82 - ************* click on login *****************
2019-09-24 21:58:10,970  INFO [main] nopCommerceSDET:97 - ************* Login Passed *****************
2019-09-24 21:58:14,058  INFO [main] nopCommerceSDET:106 - ************* clciking on logout *****************
2019-09-24 21:58:18,564  INFO [main] nopCommerceSDET:97 - ************* Login Passed *****************
2019-09-24 21:58:21,580  INFO [main] nopCommerceSDET:113 - ************* cloding browser *****************
2019-09-24 22:00:00,634  INFO [main] nopCommerceSDET:62 - ************* Launching Browser *****************
2019-09-24 22:00:00,743  INFO [main] nopCommerceSDET:68 - ************* Opening URL  *****************
2019-09-24 22:00:06,151  INFO [main] nopCommerceSDET:75 - ************* Prvding user and password *****************
2019-09-24 22:00:06,603  INFO [main] nopCommerceSDET:82 - ************* click on login *****************
2019-09-24 22:00:29,387  INFO [main] nopCommerceSDET:123 - ********* Verifying Dashboad page title after login successful **************
2019-09-24 22:00:32,518  INFO [main] nopCommerceSDET:130 - ********* Clicking on customer main menu **************
2019-09-24 22:00:34,702  INFO [main] nopCommerceSDET:137 - ********* Clicking on customer sub menu **************
2019-09-24 22:00:50,194  INFO [main] nopCommerceSDET:174 - ********* Saving customer details **************
2019-09-24 22:00:55,005  INFO [main] nopCommerceSDET:113 - ************* cloding browser *****************
2019-09-24 22:00:58,326  INFO [main] nopCommerceSDET:62 - ************* Launching Browser *****************
2019-09-24 22:00:58,327  INFO [main] nopCommerceSDET:68 - ************* Opening URL  *****************
2019-09-24 22:01:02,171  INFO [main] nopCommerceSDET:75 - ************* Prvding user and password *****************
2019-09-24 22:01:02,615  INFO [main] nopCommerceSDET:82 - ************* click on login *****************
2019-09-24 22:01:10,604  INFO [main] nopCommerceSDET:97 - ************* Login Passed *****************
2019-09-24 22:01:13,696  INFO [main] nopCommerceSDET:106 - ************* clciking on logout *****************
2019-09-24 22:01:19,540  INFO [main] nopCommerceSDET:97 - ************* Login Passed *****************
2019-09-24 22:01:22,560  INFO [main] nopCommerceSDET:113 - ************* cloding browser *****************
2019-09-24 22:06:50,066  INFO [main] nopCommerceSDET:62 - ************* Launching Browser *****************
2019-09-24 22:06:50,120  INFO [main] nopCommerceSDET:68 - ************* Opening URL  *****************
2019-09-24 22:06:54,835  INFO [main] nopCommerceSDET:75 - ************* Prvding user and password *****************
2019-09-24 22:06:55,272  INFO [main] nopCommerceSDET:82 - ************* click on login *****************
2019-09-24 22:07:02,089  INFO [main] nopCommerceSDET:123 - ********* Verifying Dashboad page title after login successful **************
2019-09-24 22:07:05,112  INFO [main] nopCommerceSDET:130 - ********* Clicking on customer main menu **************
2019-09-24 22:07:07,213  INFO [main] nopCommerceSDET:137 - ********* Clicking on customer sub menu **************
2019-09-24 22:07:20,301  INFO [main] nopCommerceSDET:174 - ********* Saving customer details **************
2019-09-24 22:07:24,646  INFO [main] nopCommerceSDET:113 - ************* cloding browser *****************
2019-09-24 22:07:27,888  INFO [main] nopCommerceSDET:62 - ************* Launching Browser *****************
2019-09-24 22:07:27,890  INFO [main] nopCommerceSDET:68 - ************* Opening URL  *****************
2019-09-24 22:07:31,890  INFO [main] nopCommerceSDET:75 - ************* Prvding user and password *****************
2019-09-24 22:07:32,340  INFO [main] nopCommerceSDET:82 - ************* click on login *****************
2019-09-24 22:07:38,918  INFO [main] nopCommerceSDET:97 - ************* Login Passed *****************
2019-09-24 22:07:42,037  INFO [main] nopCommerceSDET:106 - ************* clciking on logout *****************
2019-09-24 22:07:46,555  INFO [main] nopCommerceSDET:97 - ************* Login Passed *****************
2019-09-24 22:07:49,582  INFO [main] nopCommerceSDET:113 - ************* cloding browser *****************
2019-09-24 22:11:20,734  INFO [main] nopCommerceSDET:62 - ************* Launching Browser *****************
2019-09-24 22:11:20,779  INFO [main] nopCommerceSDET:68 - ************* Opening URL  *****************
2019-09-24 22:11:24,655  INFO [main] nopCommerceSDET:75 - ************* Prvding user and password *****************
2019-09-24 22:11:25,030  INFO [main] nopCommerceSDET:82 - ************* click on login *****************
2019-09-24 22:11:31,080  INFO [main] nopCommerceSDET:123 - ********* Verifying Dashboad page title after login successful **************
2019-09-24 22:11:34,105  INFO [main] nopCommerceSDET:130 - ********* Clicking on customer main menu **************
2019-09-24 22:11:36,208  INFO [main] nopCommerceSDET:137 - ********* Clicking on customer sub menu **************
2019-09-24 22:11:49,406  INFO [main] nopCommerceSDET:174 - ********* Saving customer details **************
2019-09-24 22:11:53,593  INFO [main] nopCommerceSDET:113 - ************* cloding browser *****************
2019-09-24 22:11:56,891  INFO [main] nopCommerceSDET:62 - ************* Launching Browser *****************
2019-09-24 22:11:56,893  INFO [main] nopCommerceSDET:68 - ************* Opening URL  *****************
2019-09-24 22:12:00,762  INFO [main] nopCommerceSDET:75 - ************* Prvding user and password *****************
2019-09-24 22:12:01,181  INFO [main] nopCommerceSDET:82 - ************* click on login *****************
2019-09-24 22:12:07,503  INFO [main] nopCommerceSDET:97 - ************* Login Passed *****************
2019-09-24 22:12:10,523  INFO [main] nopCommerceSDET:106 - ************* clciking on logout *****************
2019-09-24 22:12:15,036  INFO [main] nopCommerceSDET:97 - ************* Login Passed *****************
2019-09-24 22:12:18,051  INFO [main] nopCommerceSDET:113 - ************* cloding browser *****************
2022-09-04 17:47:11,465  INFO [main] nopCommerce:66 - ************* Launching Browser *****************
2022-09-04 17:47:13,048  INFO [main] nopCommerce:72 - ************* Opening URL  *****************
2022-09-04 17:47:38,946  INFO [main] nopCommerce:79 - ************* Providing user and password *****************
2022-09-04 17:47:41,112  INFO [main] nopCommerce:86 - ************* click on login *****************
2022-09-04 17:47:51,354  INFO [main] nopCommerce:127 - ********* Verifying Dashboad page title after login successful **************
2022-09-04 17:47:54,426  INFO [main] nopCommerce:134 - ********* Clicking on customer main menu **************
2022-09-04 17:47:56,617  INFO [main] nopCommerce:141 - ********* Clicking on customer sub menu **************
2022-09-04 17:48:07,703  INFO [main] nopCommerce:159 - *************Adding new Customer*************
2022-09-04 17:48:07,704  INFO [main] nopCommerce:160 - *************providing Customer details*************
2022-09-04 17:48:19,413  INFO [main] nopCommerce:183 - ********* Saving customer details **************
2022-09-04 17:49:30,860  INFO [main] nopCommerce:66 - ************* Launching Browser *****************
2022-09-04 17:49:34,227  INFO [main] nopCommerce:72 - ************* Opening URL  *****************
2022-09-04 17:50:30,744  INFO [main] nopCommerce:66 - ************* Launching Browser *****************
2022-09-04 17:50:30,748  INFO [main] nopCommerce:72 - ************* Opening URL  *****************
2022-09-04 17:50:48,347  INFO [main] nopCommerce:79 - ************* Providing user and password *****************
2022-09-04 17:50:49,032  INFO [main] nopCommerce:86 - ************* click on login *****************
2022-09-04 17:51:00,987  INFO [main] nopCommerce:127 - ********* Verifying Dashboad page title after login successful **************
2022-09-04 17:51:04,003  INFO [main] nopCommerce:134 - ********* Clicking on customer main menu **************
2022-09-04 17:51:06,146  INFO [main] nopCommerce:141 - ********* Clicking on customer sub menu **************
2022-09-04 17:51:09,276  INFO [main] nopCommerce:220 - ********* Searching customer details by Name **************
2022-09-04 17:51:13,569  INFO [main] nopCommerce:117 - ************* cloding browser *****************
2022-09-04 17:53:02,815  INFO [main] nopCommerce:66 - ************* Launching Browser *****************
2022-09-04 17:53:02,950  INFO [main] nopCommerce:72 - ************* Opening URL  *****************
2022-09-04 17:53:25,165  INFO [main] nopCommerce:79 - ************* Providing user and password *****************
2022-09-04 17:53:25,975  INFO [main] nopCommerce:86 - ************* click on login *****************
2022-09-04 17:53:51,199  INFO [main] nopCommerce:101 - ************* Login Passed *****************
2022-09-04 17:53:54,260  INFO [main] nopCommerce:110 - ************* clicking on logout *****************
2022-09-04 17:53:58,369  INFO [main] nopCommerce:66 - ************* Launching Browser *****************
2022-09-04 17:53:58,401  INFO [main] nopCommerce:72 - ************* Opening URL  *****************
2022-09-04 17:54:21,495  INFO [main] nopCommerce:79 - ************* Providing user and password *****************
2022-09-04 17:54:22,299  INFO [main] nopCommerce:86 - ************* click on login *****************
2022-09-04 17:54:35,202  INFO [main] nopCommerce:101 - ************* Login Passed *****************
2022-09-04 17:54:38,230  INFO [main] nopCommerce:110 - ************* clicking on logout *****************
2022-09-04 17:54:45,519  INFO [main] nopCommerce:101 - ************* Login Passed *****************
2022-09-04 17:54:48,545  INFO [main] nopCommerce:117 - ************* cloding browser *****************
2022-09-04 17:54:51,939  INFO [main] nopCommerce:66 - ************* Launching Browser *****************
2022-09-04 17:54:51,945  INFO [main] nopCommerce:72 - ************* Opening URL  *****************
2022-09-04 17:55:12,703  INFO [main] nopCommerce:79 - ************* Providing user and password *****************
2022-09-04 17:55:13,183  INFO [main] nopCommerce:86 - ************* click on login *****************
2022-09-04 17:55:14,044  INFO [main] nopCommerce:95 - ************* Login failed *****************
2022-09-04 18:03:52,282  INFO [main] nopCommerce:59 - ************* Launching Browser *****************
2022-09-04 18:03:52,391  INFO [main] nopCommerce:72 - ************* Opening URL  *****************
2022-09-04 18:04:03,802  INFO [main] nopCommerce:79 - ************* Providing user and password *****************
2022-09-04 18:04:05,592  INFO [main] nopCommerce:86 - ************* click on login *****************
2022-09-04 18:04:15,589  INFO [main] nopCommerce:127 - ********* Verifying Dashboad page title after login successful **************
2022-09-04 18:04:18,612  INFO [main] nopCommerce:134 - ********* Clicking on customer main menu **************
2022-09-04 18:04:20,809  INFO [main] nopCommerce:141 - ********* Clicking on customer sub menu **************
2022-09-04 18:04:33,489  INFO [main] nopCommerce:159 - *************Adding new Customer*************
2022-09-04 18:04:33,490  INFO [main] nopCommerce:160 - *************providing Customer details*************
2022-09-04 18:04:44,291  INFO [main] nopCommerce:183 - ********* Saving customer details **************
2022-09-04 18:04:54,218  INFO [main] nopCommerce:117 - ************* closing browser *****************
2022-09-04 18:05:00,491  INFO [main] nopCommerce:59 - ************* Launching Browser *****************
2022-09-04 18:05:00,496  INFO [main] nopCommerce:72 - ************* Opening URL  *****************
2022-09-04 18:05:21,607  INFO [main] nopCommerce:79 - ************* Providing user and password *****************
2022-09-04 18:05:22,152  INFO [main] nopCommerce:86 - ************* click on login *****************
2022-09-04 18:05:46,188  INFO [main] nopCommerce:101 - ************* Login Passed *****************
2022-09-04 18:05:49,228  INFO [main] nopCommerce:110 - ************* clicking on logout *****************
2022-09-04 18:10:12,996  INFO [main] nopCommerce:59 - ************* Launching Browser *****************
2022-09-04 18:10:13,343  INFO [main] nopCommerce:72 - ************* Opening URL  *****************
2022-09-04 18:10:37,744  INFO [main] nopCommerce:79 - ************* Providing user and password *****************
2022-09-04 18:10:38,716  INFO [main] nopCommerce:86 - ************* click on login *****************
2022-09-04 18:10:48,481  INFO [main] nopCommerce:127 - ********* Verifying Dashboad page title after login successful **************
2022-09-04 18:10:51,534  INFO [main] nopCommerce:134 - ********* Clicking on customer main menu **************
2022-09-04 18:10:53,754  INFO [main] nopCommerce:141 - ********* Clicking on customer sub menu **************
2022-09-04 18:11:07,884  INFO [main] nopCommerce:159 - *************Adding new Customer*************
2022-09-04 18:11:07,885  INFO [main] nopCommerce:160 - *************providing Customer details*************
2022-09-04 18:11:23,015  INFO [main] nopCommerce:183 - ********* Saving customer details **************
2022-09-04 18:11:33,652  INFO [main] nopCommerce:117 - ************* closing browser *****************
2022-09-04 18:11:44,868  INFO [main] nopCommerce:59 - ************* Launching Browser *****************
2022-09-04 18:11:44,871  INFO [main] nopCommerce:72 - ************* Opening URL  *****************
2022-09-04 18:11:51,926  INFO [main] nopCommerce:79 - ************* Providing user and password *****************
2022-09-04 18:11:52,395  INFO [main] nopCommerce:86 - ************* click on login *****************
2022-09-04 18:12:03,215  INFO [main] nopCommerce:101 - ************* Login Passed *****************
2022-09-04 18:12:06,282  INFO [main] nopCommerce:110 - ************* clicking on logout *****************
2022-09-04 18:12:12,586  INFO [main] nopCommerce:101 - ************* Login Passed *****************
2022-09-04 18:12:15,633  INFO [main] nopCommerce:117 - ************* closing browser *****************
2022-09-04 18:15:14,609  INFO [main] nopCommerce:59 - ************* Launching Browser *****************
2022-09-04 18:15:14,719  INFO [main] nopCommerce:72 - ************* Opening URL  *****************
2022-09-04 18:15:38,626  INFO [main] nopCommerce:79 - ************* Providing user and password *****************
2022-09-04 18:15:39,217  INFO [main] nopCommerce:86 - ************* click on login *****************
2022-09-04 18:16:07,782  INFO [main] nopCommerce:127 - ********* Verifying Dashboad page title after login successful **************
2022-09-04 18:16:10,896  INFO [main] nopCommerce:134 - ********* Clicking on customer main menu **************
2022-09-04 18:16:13,140  INFO [main] nopCommerce:141 - ********* Clicking on customer sub menu **************
2022-09-04 18:16:28,750  INFO [main] nopCommerce:159 - *************Adding new Customer*************
2022-09-04 18:16:28,751  INFO [main] nopCommerce:160 - *************providing Customer details*************
2022-09-04 18:16:39,652  INFO [main] nopCommerce:183 - ********* Saving customer details **************
2022-09-04 18:16:48,563  INFO [main] nopCommerce:117 - ************* closing browser *****************
2022-09-04 18:16:52,074  INFO [main] nopCommerce:59 - ************* Launching Browser *****************
2022-09-04 18:16:52,110  INFO [main] nopCommerce:72 - ************* Opening URL  *****************
2022-09-04 18:17:28,143  INFO [main] nopCommerce:79 - ************* Providing user and password *****************
2022-09-04 18:17:34,639  INFO [main] nopCommerce:59 - ************* Launching Browser *****************
2022-09-04 18:17:34,708  INFO [main] nopCommerce:72 - ************* Opening URL  *****************
2022-09-04 18:18:22,616  INFO [main] nopCommerce:79 - ************* Providing user and password *****************
2022-09-04 18:18:24,025  INFO [main] nopCommerce:86 - ************* click on login *****************
2022-09-04 18:19:13,615  INFO [main] nopCommerce:127 - ********* Verifying Dashboad page title after login successful **************
2022-09-04 18:19:21,259  INFO [main] nopCommerce:59 - ************* Launching Browser *****************
2022-09-04 18:19:21,264  INFO [main] nopCommerce:72 - ************* Opening URL  *****************
2022-09-04 18:19:29,440  INFO [main] nopCommerce:79 - ************* Providing user and password *****************
2022-09-04 18:19:29,982  INFO [main] nopCommerce:86 - ************* click on login *****************
2022-09-04 18:19:37,669  INFO [main] nopCommerce:101 - ************* Login Passed *****************
2022-09-04 18:19:40,762  INFO [main] nopCommerce:110 - ************* clicking on logout *****************
2022-09-04 18:19:47,250  INFO [main] nopCommerce:101 - ************* Login Passed *****************
2022-09-04 18:19:50,260  INFO [main] nopCommerce:117 - ************* closing browser *****************
2022-09-04 18:20:03,615  INFO [main] nopCommerce:59 - ************* Launching Browser *****************
2022-09-04 18:20:03,618  INFO [main] nopCommerce:72 - ************* Opening URL  *****************
2022-09-04 18:20:09,723  INFO [main] nopCommerce:79 - ************* Providing user and password *****************
2022-09-04 18:20:10,317  INFO [main] nopCommerce:86 - ************* click on login *****************
2022-09-04 18:20:34,056  INFO [main] nopCommerce:101 - ************* Login Passed *****************
2022-09-04 18:20:37,111  INFO [main] nopCommerce:110 - ************* clicking on logout *****************
2022-09-04 18:20:43,340  INFO [main] nopCommerce:101 - ************* Login Passed *****************
2022-09-04 18:20:46,359  INFO [main] nopCommerce:117 - ************* closing browser *****************
2022-09-04 18:20:55,820  INFO [main] nopCommerce:59 - ************* Launching Browser *****************
2022-09-04 18:20:55,824  INFO [main] nopCommerce:72 - ************* Opening URL  *****************
2022-09-04 18:21:01,808  INFO [main] nopCommerce:79 - ************* Providing user and password *****************
2022-09-04 18:21:02,346  INFO [main] nopCommerce:86 - ************* click on login *****************
2022-09-04 18:21:33,762  INFO [main] nopCommerce:101 - ************* Login Passed *****************
2022-09-04 19:22:21,170  INFO [main] nopCommerce:59 - ************* Launching Browser *****************
2022-09-04 19:22:21,472  INFO [main] nopCommerce:72 - ************* Opening URL  *****************
2022-09-04 19:22:28,490  INFO [main] nopCommerce:79 - ************* Providing user and password *****************
2022-09-04 19:22:28,942  INFO [main] nopCommerce:86 - ************* click on login *****************
2022-09-04 19:22:37,994  INFO [main] nopCommerce:127 - ********* Verifying Dashboad page title after login successful **************
2022-09-04 19:22:41,057  INFO [main] nopCommerce:134 - ********* Clicking on customer main menu **************
2022-09-04 19:22:43,301  INFO [main] nopCommerce:141 - ********* Clicking on customer sub menu **************
2022-09-04 19:22:59,553  INFO [main] nopCommerce:159 - *************Adding new Customer*************
2022-09-04 19:22:59,554  INFO [main] nopCommerce:160 - *************providing Customer details*************
2022-09-04 19:23:11,296  INFO [main] nopCommerce:183 - ********* Saving customer details **************
2022-09-04 19:23:21,775  INFO [main] nopCommerce:117 - ************* closing browser *****************
2022-09-04 19:23:25,717  INFO [main] nopCommerce:59 - ************* Launching Browser *****************
2022-09-04 19:23:25,722  INFO [main] nopCommerce:72 - ************* Opening URL  *****************
2022-09-04 19:23:32,048  INFO [main] nopCommerce:79 - ************* Providing user and password *****************
2022-09-04 19:23:32,567  INFO [main] nopCommerce:86 - ************* click on login *****************
2022-09-04 19:23:39,234  INFO [main] nopCommerce:127 - ********* Verifying Dashboad page title after login successful **************
2022-09-04 19:23:42,260  INFO [main] nopCommerce:134 - ********* Clicking on customer main menu **************
2022-09-04 19:23:44,394  INFO [main] nopCommerce:141 - ********* Clicking on customer sub menu **************
2022-09-04 19:23:50,592  INFO [main] nopCommerce:200 - ********* Searching customer details by Email **************
2022-09-04 19:23:54,799  INFO [main] nopCommerce:117 - ************* closing browser *****************
2022-09-04 19:23:58,269  INFO [main] nopCommerce:59 - ************* Launching Browser *****************
2022-09-04 19:23:58,274  INFO [main] nopCommerce:72 - ************* Opening URL  *****************
2022-09-04 19:24:03,093  INFO [main] nopCommerce:79 - ************* Providing user and password *****************
2022-09-04 19:24:03,505  INFO [main] nopCommerce:86 - ************* click on login *****************
2022-09-04 19:24:10,625  INFO [main] nopCommerce:127 - ********* Verifying Dashboad page title after login successful **************
2022-09-04 19:24:13,651  INFO [main] nopCommerce:134 - ********* Clicking on customer main menu **************
2022-09-04 19:24:15,900  INFO [main] nopCommerce:141 - ********* Clicking on customer sub menu **************
2022-09-04 19:24:22,952  INFO [main] nopCommerce:220 - ********* Searching customer details by Name **************
2022-09-04 19:24:26,731  INFO [main] nopCommerce:117 - ************* closing browser *****************
2022-09-04 19:24:30,780  INFO [main] nopCommerce:59 - ************* Launching Browser *****************
2022-09-04 19:24:30,784  INFO [main] nopCommerce:72 - ************* Opening URL  *****************
2022-09-04 19:25:07,493  INFO [main] nopCommerce:79 - ************* Providing user and password *****************
2022-09-04 19:25:12,255  INFO [main] nopCommerce:59 - ************* Launching Browser *****************
2022-09-04 19:25:12,262  INFO [main] nopCommerce:72 - ************* Opening URL  *****************
2022-09-04 19:25:44,308  INFO [main] nopCommerce:79 - ************* Providing user and password *****************
2022-09-04 19:25:44,988  INFO [main] nopCommerce:86 - ************* click on login *****************
2022-09-04 19:25:56,384  INFO [main] nopCommerce:101 - ************* Login Passed *****************
2022-09-04 19:25:59,530  INFO [main] nopCommerce:110 - ************* clicking on logout *****************
2022-09-04 19:26:05,786  INFO [main] nopCommerce:59 - ************* Launching Browser *****************
2022-09-04 19:26:05,793  INFO [main] nopCommerce:72 - ************* Opening URL  *****************
2022-09-04 19:26:21,363  INFO [main] nopCommerce:79 - ************* Providing user and password *****************
2022-09-04 19:26:21,809  INFO [main] nopCommerce:86 - ************* click on login *****************
2022-09-04 19:26:22,695  INFO [main] nopCommerce:95 - ************* Login failed *****************
2022-09-04 19:57:34,021  INFO [main] nopCommerce:59 - ************* Launching Browser *****************
2022-09-04 19:57:35,300  INFO [main] nopCommerce:72 - ************* Opening URL  *****************
2022-09-04 19:58:19,698  INFO [main] nopCommerce:79 - ************* Providing user and password *****************
2022-09-04 19:58:20,279  INFO [main] nopCommerce:86 - ************* click on login *****************
2022-09-04 19:58:30,119  INFO [main] nopCommerce:127 - ********* Verifying Dashboad page title after login successful **************
2022-09-04 19:58:33,185  INFO [main] nopCommerce:134 - ********* Clicking on customer main menu **************
2022-09-04 19:58:35,368  INFO [main] nopCommerce:141 - ********* Clicking on customer sub menu **************
2022-09-04 19:58:44,604  INFO [main] nopCommerce:159 - *************Adding new Customer*************
2022-09-04 19:58:44,605  INFO [main] nopCommerce:160 - *************providing Customer details*************
2022-09-04 19:58:55,441  INFO [main] nopCommerce:183 - ********* Saving customer details **************
2022-09-04 19:59:05,663  INFO [main] nopCommerce:117 - ************* closing browser *****************
2022-09-04 19:59:10,253  INFO [main] nopCommerce:59 - ************* Launching Browser *****************
2022-09-04 19:59:10,265  INFO [main] nopCommerce:72 - ************* Opening URL  *****************
2022-09-04 19:59:15,004  INFO [main] nopCommerce:79 - ************* Providing user and password *****************
2022-09-04 19:59:15,447  INFO [main] nopCommerce:86 - ************* click on login *****************
2022-09-04 19:59:21,980  INFO [main] nopCommerce:127 - ********* Verifying Dashboad page title after login successful **************
2022-09-04 19:59:25,034  INFO [main] nopCommerce:134 - ********* Clicking on customer main menu **************
2022-09-04 19:59:27,220  INFO [main] nopCommerce:141 - ********* Clicking on customer sub menu **************
2022-09-04 19:59:32,746  INFO [main] nopCommerce:200 - ********* Searching customer details by Email **************
2022-09-04 19:59:36,372  INFO [main] nopCommerce:117 - ************* closing browser *****************
2022-09-04 19:59:40,041  INFO [main] nopCommerce:59 - ************* Launching Browser *****************
2022-09-04 19:59:40,047  INFO [main] nopCommerce:72 - ************* Opening URL  *****************
2022-09-04 19:59:44,475  INFO [main] nopCommerce:79 - ************* Providing user and password *****************
2022-09-04 19:59:44,921  INFO [main] nopCommerce:86 - ************* click on login *****************
2022-09-04 19:59:51,055  INFO [main] nopCommerce:127 - ********* Verifying Dashboad page title after login successful **************
2022-09-04 19:59:54,084  INFO [main] nopCommerce:134 - ********* Clicking on customer main menu **************
2022-09-04 19:59:56,276  INFO [main] nopCommerce:141 - ********* Clicking on customer sub menu **************
2022-09-04 19:59:59,525  INFO [main] nopCommerce:220 - ********* Searching customer details by Name **************
2022-09-04 20:00:03,374  INFO [main] nopCommerce:117 - ************* closing browser *****************
2022-09-04 20:00:06,612  INFO [main] nopCommerce:59 - ************* Launching Browser *****************
2022-09-04 20:00:06,617  INFO [main] nopCommerce:72 - ************* Opening URL  *****************
2022-09-04 20:00:11,423  INFO [main] nopCommerce:79 - ************* Providing user and password *****************
2022-09-04 20:00:11,891  INFO [main] nopCommerce:86 - ************* click on login *****************
2022-09-04 20:00:18,040  INFO [main] nopCommerce:101 - ************* Login Passed *****************
2022-09-04 20:00:21,070  INFO [main] nopCommerce:110 - ************* clicking on logout *****************
2022-09-04 20:00:27,384  INFO [main] nopCommerce:101 - ************* Login Passed *****************
2022-09-04 20:00:30,406  INFO [main] nopCommerce:117 - ************* closing browser *****************
2022-09-04 20:00:33,950  INFO [main] nopCommerce:59 - ************* Launching Browser *****************
2022-09-04 20:00:33,956  INFO [main] nopCommerce:72 - ************* Opening URL  *****************
2022-09-04 20:00:38,534  INFO [main] nopCommerce:79 - ************* Providing user and password *****************
2022-09-04 20:00:38,975  INFO [main] nopCommerce:86 - ************* click on login *****************
2022-09-04 20:00:44,910  INFO [main] nopCommerce:101 - ************* Login Passed *****************
2022-09-04 20:00:47,930  INFO [main] nopCommerce:110 - ************* clicking on logout *****************
2022-09-04 20:00:53,012  INFO [main] nopCommerce:101 - ************* Login Passed *****************
2022-09-04 20:00:56,029  INFO [main] nopCommerce:117 - ************* closing browser *****************
2022-09-04 20:00:59,253  INFO [main] nopCommerce:59 - ************* Launching Browser *****************
2022-09-04 20:00:59,260  INFO [main] nopCommerce:72 - ************* Opening URL  *****************
2022-09-04 20:01:02,984  INFO [main] nopCommerce:79 - ************* Providing user and password *****************
2022-09-04 20:01:03,452  INFO [main] nopCommerce:86 - ************* click on login *****************
2022-09-04 20:01:04,278  INFO [main] nopCommerce:95 - ************* Login failed *****************
2022-09-05 09:57:03,280  INFO [main] nopCommerce:59 - ************* Launching Browser *****************
2022-09-05 09:57:03,571  INFO [main] nopCommerce:72 - ************* Opening URL  *****************
2022-09-05 09:57:23,198  INFO [main] nopCommerce:79 - ************* Providing user and password *****************
2022-09-05 09:57:23,734  INFO [main] nopCommerce:86 - ************* click on login *****************
2022-09-05 09:57:49,191  INFO [main] nopCommerce:127 - ********* Verifying Dashboad page title after login successful **************
2022-09-05 09:57:52,255  INFO [main] nopCommerce:134 - ********* Clicking on customer main menu **************
2022-09-05 09:57:54,405  INFO [main] nopCommerce:141 - ********* Clicking on customer sub menu **************
2022-09-05 09:58:06,064  INFO [main] nopCommerce:159 - *************Adding new Customer*************
2022-09-05 09:58:06,064  INFO [main] nopCommerce:160 - *************providing Customer details*************
2022-09-05 09:58:16,739  INFO [main] nopCommerce:183 - ********* Saving customer details **************
2022-09-05 09:58:25,842  INFO [main] nopCommerce:117 - ************* closing browser *****************
2022-09-05 09:58:31,070  INFO [main] nopCommerce:59 - ************* Launching Browser *****************
2022-09-05 09:58:31,079  INFO [main] nopCommerce:72 - ************* Opening URL  *****************
2022-09-05 09:58:33,333  INFO [main] nopCommerce:79 - ************* Providing user and password *****************
2022-09-05 09:58:33,779  INFO [main] nopCommerce:86 - ************* click on login *****************
2022-09-05 09:58:56,718  INFO [main] nopCommerce:127 - ********* Verifying Dashboad page title after login successful **************
2022-09-05 09:58:59,797  INFO [main] nopCommerce:134 - ********* Clicking on customer main menu **************
2022-09-05 09:59:01,973  INFO [main] nopCommerce:141 - ********* Clicking on customer sub menu **************
2022-09-05 09:59:06,192  INFO [main] nopCommerce:200 - ********* Searching customer details by Email **************
2022-09-05 09:59:09,851  INFO [main] nopCommerce:117 - ************* closing browser *****************
2022-09-05 09:59:13,069  INFO [main] nopCommerce:59 - ************* Launching Browser *****************
2022-09-05 09:59:13,075  INFO [main] nopCommerce:72 - ************* Opening URL  *****************
2022-09-05 09:59:48,633  INFO [main] nopCommerce:79 - ************* Providing user and password *****************
2022-09-05 09:59:49,118  INFO [main] nopCommerce:86 - ************* click on login *****************
2022-09-05 09:59:58,979  INFO [main] nopCommerce:127 - ********* Verifying Dashboad page title after login successful **************
2022-09-05 10:00:02,045  INFO [main] nopCommerce:134 - ********* Clicking on customer main menu **************
2022-09-05 10:00:04,243  INFO [main] nopCommerce:141 - ********* Clicking on customer sub menu **************
2022-09-05 10:00:09,107  INFO [main] nopCommerce:220 - ********* Searching customer details by Name **************
2022-09-05 10:00:12,935  INFO [main] nopCommerce:117 - ************* closing browser *****************
2022-09-05 10:00:15,715  INFO [main] nopCommerce:59 - ************* Launching Browser *****************
2022-09-05 10:00:15,721  INFO [main] nopCommerce:72 - ************* Opening URL  *****************
2022-09-05 10:00:20,024  INFO [main] nopCommerce:79 - ************* Providing user and password *****************
2022-09-05 10:00:20,426  INFO [main] nopCommerce:86 - ************* click on login *****************
2022-09-05 10:00:28,393  INFO [main] nopCommerce:101 - ************* Login Passed *****************
2022-09-05 10:00:31,411  INFO [main] nopCommerce:110 - ************* clicking on logout *****************
2022-09-05 10:00:37,587  INFO [main] nopCommerce:101 - ************* Login Passed *****************
2022-09-05 10:00:40,598  INFO [main] nopCommerce:117 - ************* closing browser *****************
2022-09-05 10:00:42,883  INFO [main] nopCommerce:59 - ************* Launching Browser *****************
2022-09-05 10:00:42,895  INFO [main] nopCommerce:72 - ************* Opening URL  *****************
2022-09-05 10:00:47,580  INFO [main] nopCommerce:79 - ************* Providing user and password *****************
2022-09-05 10:00:48,001  INFO [main] nopCommerce:86 - ************* click on login *****************
2022-09-05 10:00:56,460  INFO [main] nopCommerce:101 - ************* Login Passed *****************
2022-09-05 10:00:59,490  INFO [main] nopCommerce:110 - ************* clicking on logout *****************
2022-09-05 10:01:06,092  INFO [main] nopCommerce:101 - ************* Login Passed *****************
2022-09-05 10:01:09,103  INFO [main] nopCommerce:117 - ************* closing browser *****************
2022-09-05 10:01:11,737  INFO [main] nopCommerce:59 - ************* Launching Browser *****************
2022-09-05 10:01:11,740  INFO [main] nopCommerce:72 - ************* Opening URL  *****************
2022-09-05 10:01:15,771  INFO [main] nopCommerce:79 - ************* Providing user and password *****************
2022-09-05 10:01:16,188  INFO [main] nopCommerce:86 - ************* click on login *****************
2022-09-05 10:01:16,838  INFO [main] nopCommerce:95 - ************* Login failed *****************
